2024-05-27T10:19:44.724+05:30  INFO 24748 --- [restartedMain] com.cart.CartApplication                 : Starting CartApplication using Java 17.0.9 with PID 24748 (D:\Intellij Projects\Projects\Sweetys\Cart\target\classes started by bibek in D:\Intellij Projects\Projects\Sweetys\ServiceRegistry)
2024-05-27T10:19:44.779+05:30  INFO 24748 --- [restartedMain] com.cart.CartApplication                 : No active profile set, falling back to 1 default profile: "default"
2024-05-27T10:19:45.217+05:30  INFO 24748 --- [restartedMain] .e.DevToolsPropertyDefaultsPostProcessor : Devtools property defaults active! Set 'spring.devtools.add-properties' to 'false' to disable
2024-05-27T10:19:45.218+05:30  INFO 24748 --- [restartedMain] .e.DevToolsPropertyDefaultsPostProcessor : For additional web related logging consider setting the 'logging.level.web' property to 'DEBUG'
2024-05-27T10:19:49.583+05:30  INFO 24748 --- [restartedMain] .s.d.r.c.RepositoryConfigurationDelegate : Bootstrapping Spring Data JPA repositories in DEFAULT mode.
2024-05-27T10:19:50.484+05:30  INFO 24748 --- [restartedMain] .s.d.r.c.RepositoryConfigurationDelegate : Finished Spring Data repository scanning in 873 ms. Found 2 JPA repository interfaces.
2024-05-27T10:19:51.713+05:30  INFO 24748 --- [restartedMain] o.s.cloud.context.scope.GenericScope     : BeanFactory id=a00854cb-1112-38bd-b418-a61fe894145f
2024-05-27T10:19:55.726+05:30  INFO 24748 --- [restartedMain] o.s.b.w.embedded.tomcat.TomcatWebServer  : Tomcat initialized with port(s): 8084 (http)
2024-05-27T10:19:55.797+05:30  INFO 24748 --- [restartedMain] o.apache.catalina.core.StandardService   : Starting service [Tomcat]
2024-05-27T10:19:55.799+05:30  INFO 24748 --- [restartedMain] o.apache.catalina.core.StandardEngine    : Starting Servlet engine: [Apache Tomcat/10.1.20]
2024-05-27T10:19:56.621+05:30  INFO 24748 --- [restartedMain] o.a.c.c.C.[Tomcat].[localhost].[/]       : Initializing Spring embedded WebApplicationContext
2024-05-27T10:19:56.622+05:30  INFO 24748 --- [restartedMain] w.s.c.ServletWebServerApplicationContext : Root WebApplicationContext: initialization completed in 11400 ms
2024-05-27T10:19:57.597+05:30  INFO 24748 --- [restartedMain] o.hibernate.jpa.internal.util.LogHelper  : HHH000204: Processing PersistenceUnitInfo [name: default]
2024-05-27T10:19:57.999+05:30  INFO 24748 --- [restartedMain] org.hibernate.Version                    : HHH000412: Hibernate ORM core version 6.2.24.Final
2024-05-27T10:19:58.048+05:30  INFO 24748 --- [restartedMain] org.hibernate.cfg.Environment            : HHH000406: Using bytecode reflection optimizer
2024-05-27T10:19:59.892+05:30  INFO 24748 --- [restartedMain] o.s.o.j.p.SpringPersistenceUnitInfo      : No LoadTimeWeaver setup: ignoring JPA class transformer
2024-05-27T10:20:00.173+05:30  INFO 24748 --- [restartedMain] com.zaxxer.hikari.HikariDataSource       : HikariPool-1 - Starting...
2024-05-27T10:20:02.298+05:30  INFO 24748 --- [restartedMain] com.zaxxer.hikari.pool.HikariPool        : HikariPool-1 - Added connection com.mysql.cj.jdbc.ConnectionImpl@369ee146
2024-05-27T10:20:02.306+05:30  INFO 24748 --- [restartedMain] com.zaxxer.hikari.HikariDataSource       : HikariPool-1 - Start completed.
2024-05-27T10:20:06.801+05:30  INFO 24748 --- [restartedMain] o.h.e.t.j.p.i.JtaPlatformInitiator       : HHH000489: No JTA platform available (set 'hibernate.transaction.jta.platform' to enable JTA platform integration)
2024-05-27T10:20:07.028+05:30  INFO 24748 --- [restartedMain] j.LocalContainerEntityManagerFactoryBean : Initialized JPA EntityManagerFactory for persistence unit 'default'
2024-05-27T10:20:08.026+05:30  INFO 24748 --- [restartedMain] o.s.d.j.r.query.QueryEnhancerFactory     : Hibernate is in classpath; If applicable, HQL parser will be used.
2024-05-27T10:20:08.484+05:30  WARN 24748 --- [restartedMain] JpaBaseConfiguration$JpaWebConfiguration : spring.jpa.open-in-view is enabled by default. Therefore, database queries may be performed during view rendering. Explicitly configure spring.jpa.open-in-view to disable this warning
2024-05-27T10:20:09.641+05:30  WARN 24748 --- [restartedMain] o.s.b.d.a.OptionalLiveReloadServer       : Unable to start LiveReload server
2024-05-27T10:20:09.988+05:30  INFO 24748 --- [restartedMain] DiscoveryClientOptionalArgsConfiguration : Eureka HTTP Client uses RestTemplate.
2024-05-27T10:20:10.360+05:30  WARN 24748 --- [restartedMain] iguration$LoadBalancerCaffeineWarnLogger : Spring Cloud LoadBalancer is currently working with the default cache. While this cache implementation is useful for development and tests, it's recommended to use Caffeine cache in production.You can switch to using Caffeine cache, by adding it and org.springframework.cache.caffeine.CaffeineCacheManager to the classpath.
2024-05-27T10:20:10.427+05:30  INFO 24748 --- [restartedMain] o.s.c.n.eureka.InstanceInfoFactory       : Setting initial instance status as: STARTING
2024-05-27T10:20:10.693+05:30  INFO 24748 --- [restartedMain] com.netflix.discovery.DiscoveryClient    : Initializing Eureka in region us-east-1
2024-05-27T10:20:10.706+05:30  INFO 24748 --- [restartedMain] c.n.d.s.r.aws.ConfigClusterResolver      : Resolving eureka endpoints via configuration
2024-05-27T10:20:10.772+05:30  INFO 24748 --- [restartedMain] com.netflix.discovery.DiscoveryClient    : Disable delta property : false
2024-05-27T10:20:10.773+05:30  INFO 24748 --- [restartedMain] com.netflix.discovery.DiscoveryClient    : Single vip registry refresh property : null
2024-05-27T10:20:10.773+05:30  INFO 24748 --- [restartedMain] com.netflix.discovery.DiscoveryClient    : Force full registry fetch : false
2024-05-27T10:20:10.773+05:30  INFO 24748 --- [restartedMain] com.netflix.discovery.DiscoveryClient    : Application is null : false
2024-05-27T10:20:10.773+05:30  INFO 24748 --- [restartedMain] com.netflix.discovery.DiscoveryClient    : Registered Applications size is zero : true
2024-05-27T10:20:10.773+05:30  INFO 24748 --- [restartedMain] com.netflix.discovery.DiscoveryClient    : Application version is -1: true
2024-05-27T10:20:10.774+05:30  INFO 24748 --- [restartedMain] com.netflix.discovery.DiscoveryClient    : Getting all instance registry info from the eureka server
2024-05-27T10:20:11.574+05:30  INFO 24748 --- [restartedMain] com.netflix.discovery.DiscoveryClient    : The response status is 200
2024-05-27T10:20:11.583+05:30  INFO 24748 --- [restartedMain] com.netflix.discovery.DiscoveryClient    : Starting heartbeat executor: renew interval is: 30
2024-05-27T10:20:11.591+05:30  INFO 24748 --- [restartedMain] c.n.discovery.InstanceInfoReplicator     : InstanceInfoReplicator onDemand update allowed rate per min is 4
2024-05-27T10:20:11.608+05:30  INFO 24748 --- [restartedMain] com.netflix.discovery.DiscoveryClient    : Discovery Client initialized at timestamp 1716785411604 with initial instances count: 2
2024-05-27T10:20:11.619+05:30  INFO 24748 --- [restartedMain] o.s.c.n.e.s.EurekaServiceRegistry        : Registering application CART with eureka with status UP
2024-05-27T10:20:11.621+05:30  INFO 24748 --- [restartedMain] com.netflix.discovery.DiscoveryClient    : Saw local status change event StatusChangeEvent [timestamp=1716785411621, current=UP, previous=STARTING]
2024-05-27T10:20:11.628+05:30  INFO 24748 --- [DiscoveryClient-InstanceInfoReplicator-0] com.netflix.discovery.DiscoveryClient    : DiscoveryClient_CART/LAPTOP-7FSTUUCC:Cart:8084: registering service...
2024-05-27T10:20:11.778+05:30  INFO 24748 --- [restartedMain] o.s.b.w.embedded.tomcat.TomcatWebServer  : Tomcat started on port(s): 8084 (http) with context path ''
2024-05-27T10:20:11.780+05:30  INFO 24748 --- [restartedMain] .s.c.n.e.s.EurekaAutoServiceRegistration : Updating port to 8084
2024-05-27T10:20:11.802+05:30  INFO 24748 --- [DiscoveryClient-InstanceInfoReplicator-0] com.netflix.discovery.DiscoveryClient    : DiscoveryClient_CART/LAPTOP-7FSTUUCC:Cart:8084 - registration status: 204
2024-05-27T10:20:12.000+05:30  INFO 24748 --- [restartedMain] com.cart.CartApplication                 : Started CartApplication in 29.853 seconds (process running for 32.401)
2024-05-27T10:25:10.795+05:30  INFO 24748 --- [AsyncResolver-bootstrap-executor-0] c.n.d.s.r.aws.ConfigClusterResolver      : Resolving eureka endpoints via configuration
2024-05-27T10:25:22.567+05:30  INFO 24748 --- [File Watcher] rtingClassPathChangeChangedEventListener : Restarting due to 1 class path change (0 additions, 0 deletions, 1 modification)
2024-05-27T10:25:22.582+05:30  INFO 24748 --- [Thread-1] o.s.c.n.e.s.EurekaServiceRegistry        : Unregistering application CART with eureka with status DOWN
2024-05-27T10:25:22.583+05:30  INFO 24748 --- [Thread-1] com.netflix.discovery.DiscoveryClient    : Saw local status change event StatusChangeEvent [timestamp=1716785722583, current=DOWN, previous=UP]
2024-05-27T10:25:22.584+05:30  INFO 24748 --- [DiscoveryClient-InstanceInfoReplicator-0] com.netflix.discovery.DiscoveryClient    : DiscoveryClient_CART/LAPTOP-7FSTUUCC:Cart:8084: registering service...
2024-05-27T10:25:22.615+05:30  INFO 24748 --- [DiscoveryClient-InstanceInfoReplicator-0] com.netflix.discovery.DiscoveryClient    : DiscoveryClient_CART/LAPTOP-7FSTUUCC:Cart:8084 - registration status: 204
2024-05-27T10:25:22.655+05:30  INFO 24748 --- [Thread-1] o.apache.catalina.core.StandardService   : Stopping service [Tomcat]
2024-05-27T10:25:22.720+05:30  INFO 24748 --- [Thread-1] j.LocalContainerEntityManagerFactoryBean : Closing JPA EntityManagerFactory for persistence unit 'default'
2024-05-27T10:25:22.746+05:30  INFO 24748 --- [Thread-1] com.zaxxer.hikari.HikariDataSource       : HikariPool-1 - Shutdown initiated...
2024-05-27T10:25:22.802+05:30  INFO 24748 --- [Thread-1] com.zaxxer.hikari.HikariDataSource       : HikariPool-1 - Shutdown completed.
2024-05-27T10:25:22.810+05:30  INFO 24748 --- [Thread-1] com.netflix.discovery.DiscoveryClient    : Shutting down DiscoveryClient ...
2024-05-27T10:25:25.844+05:30  INFO 24748 --- [Thread-1] com.netflix.discovery.DiscoveryClient    : Unregistering ...
2024-05-27T10:25:25.872+05:30  INFO 24748 --- [Thread-1] com.netflix.discovery.DiscoveryClient    : DiscoveryClient_CART/LAPTOP-7FSTUUCC:Cart:8084 - deregister  status: 200
2024-05-27T10:25:25.891+05:30  INFO 24748 --- [Thread-1] com.netflix.discovery.DiscoveryClient    : Completed shut down of DiscoveryClient
2024-05-27T10:25:26.403+05:30  INFO 24748 --- [restartedMain] com.cart.CartApplication                 : Starting CartApplication using Java 17.0.9 with PID 24748 (D:\Intellij Projects\Projects\Sweetys\Cart\target\classes started by bibek in D:\Intellij Projects\Projects\Sweetys\ServiceRegistry)
2024-05-27T10:25:26.405+05:30  INFO 24748 --- [restartedMain] com.cart.CartApplication                 : No active profile set, falling back to 1 default profile: "default"
2024-05-27T10:25:27.376+05:30  INFO 24748 --- [restartedMain] .s.d.r.c.RepositoryConfigurationDelegate : Bootstrapping Spring Data JPA repositories in DEFAULT mode.
2024-05-27T10:25:27.422+05:30  INFO 24748 --- [restartedMain] .s.d.r.c.RepositoryConfigurationDelegate : Finished Spring Data repository scanning in 44 ms. Found 2 JPA repository interfaces.
2024-05-27T10:25:27.937+05:30  INFO 24748 --- [restartedMain] o.s.cloud.context.scope.GenericScope     : BeanFactory id=a00854cb-1112-38bd-b418-a61fe894145f
2024-05-27T10:25:28.561+05:30  INFO 24748 --- [restartedMain] o.s.b.w.embedded.tomcat.TomcatWebServer  : Tomcat initialized with port(s): 8084 (http)
2024-05-27T10:25:28.563+05:30  INFO 24748 --- [restartedMain] o.apache.catalina.core.StandardService   : Starting service [Tomcat]
2024-05-27T10:25:28.565+05:30  INFO 24748 --- [restartedMain] o.apache.catalina.core.StandardEngine    : Starting Servlet engine: [Apache Tomcat/10.1.20]
2024-05-27T10:25:28.914+05:30  INFO 24748 --- [restartedMain] o.a.c.c.C.[Tomcat].[localhost].[/]       : Initializing Spring embedded WebApplicationContext
2024-05-27T10:25:28.919+05:30  INFO 24748 --- [restartedMain] w.s.c.ServletWebServerApplicationContext : Root WebApplicationContext: initialization completed in 2504 ms
2024-05-27T10:25:29.421+05:30  INFO 24748 --- [restartedMain] o.hibernate.jpa.internal.util.LogHelper  : HHH000204: Processing PersistenceUnitInfo [name: default]
2024-05-27T10:25:29.522+05:30  INFO 24748 --- [restartedMain] o.s.o.j.p.SpringPersistenceUnitInfo      : No LoadTimeWeaver setup: ignoring JPA class transformer
2024-05-27T10:25:29.525+05:30  INFO 24748 --- [restartedMain] com.zaxxer.hikari.HikariDataSource       : HikariPool-2 - Starting...
2024-05-27T10:25:29.572+05:30  INFO 24748 --- [restartedMain] com.zaxxer.hikari.pool.HikariPool        : HikariPool-2 - Added connection com.mysql.cj.jdbc.ConnectionImpl@58c0303e
2024-05-27T10:25:29.573+05:30  INFO 24748 --- [restartedMain] com.zaxxer.hikari.HikariDataSource       : HikariPool-2 - Start completed.
2024-05-27T10:25:29.850+05:30  INFO 24748 --- [restartedMain] o.h.e.t.j.p.i.JtaPlatformInitiator       : HHH000489: No JTA platform available (set 'hibernate.transaction.jta.platform' to enable JTA platform integration)
2024-05-27T10:25:29.948+05:30  INFO 24748 --- [restartedMain] j.LocalContainerEntityManagerFactoryBean : Initialized JPA EntityManagerFactory for persistence unit 'default'
2024-05-27T10:25:30.308+05:30  WARN 24748 --- [restartedMain] JpaBaseConfiguration$JpaWebConfiguration : spring.jpa.open-in-view is enabled by default. Therefore, database queries may be performed during view rendering. Explicitly configure spring.jpa.open-in-view to disable this warning
2024-05-27T10:25:30.631+05:30  WARN 24748 --- [restartedMain] o.s.b.d.a.OptionalLiveReloadServer       : Unable to start LiveReload server
2024-05-27T10:25:31.304+05:30  INFO 24748 --- [restartedMain] DiscoveryClientOptionalArgsConfiguration : Eureka HTTP Client uses RestTemplate.
2024-05-27T10:25:31.752+05:30  WARN 24748 --- [restartedMain] iguration$LoadBalancerCaffeineWarnLogger : Spring Cloud LoadBalancer is currently working with the default cache. While this cache implementation is useful for development and tests, it's recommended to use Caffeine cache in production.You can switch to using Caffeine cache, by adding it and org.springframework.cache.caffeine.CaffeineCacheManager to the classpath.
2024-05-27T10:25:31.874+05:30  INFO 24748 --- [restartedMain] o.s.c.n.eureka.InstanceInfoFactory       : Setting initial instance status as: STARTING
2024-05-27T10:25:31.918+05:30  INFO 24748 --- [restartedMain] com.netflix.discovery.DiscoveryClient    : Initializing Eureka in region us-east-1
2024-05-27T10:25:31.921+05:30  INFO 24748 --- [restartedMain] c.n.d.s.r.aws.ConfigClusterResolver      : Resolving eureka endpoints via configuration
2024-05-27T10:25:31.964+05:30  INFO 24748 --- [restartedMain] com.netflix.discovery.DiscoveryClient    : Disable delta property : false
2024-05-27T10:25:31.965+05:30  INFO 24748 --- [restartedMain] com.netflix.discovery.DiscoveryClient    : Single vip registry refresh property : null
2024-05-27T10:25:31.966+05:30  INFO 24748 --- [restartedMain] com.netflix.discovery.DiscoveryClient    : Force full registry fetch : false
2024-05-27T10:25:31.968+05:30  INFO 24748 --- [restartedMain] com.netflix.discovery.DiscoveryClient    : Application is null : false
2024-05-27T10:25:31.968+05:30  INFO 24748 --- [restartedMain] com.netflix.discovery.DiscoveryClient    : Registered Applications size is zero : true
2024-05-27T10:25:31.969+05:30  INFO 24748 --- [restartedMain] com.netflix.discovery.DiscoveryClient    : Application version is -1: true
2024-05-27T10:25:31.970+05:30  INFO 24748 --- [restartedMain] com.netflix.discovery.DiscoveryClient    : Getting all instance registry info from the eureka server
2024-05-27T10:25:32.175+05:30  INFO 24748 --- [restartedMain] com.netflix.discovery.DiscoveryClient    : The response status is 200
2024-05-27T10:25:32.184+05:30  INFO 24748 --- [restartedMain] com.netflix.discovery.DiscoveryClient    : Starting heartbeat executor: renew interval is: 30
2024-05-27T10:25:32.192+05:30  INFO 24748 --- [restartedMain] c.n.discovery.InstanceInfoReplicator     : InstanceInfoReplicator onDemand update allowed rate per min is 4
2024-05-27T10:25:32.200+05:30  INFO 24748 --- [restartedMain] com.netflix.discovery.DiscoveryClient    : Discovery Client initialized at timestamp 1716785732200 with initial instances count: 4
2024-05-27T10:25:32.206+05:30  INFO 24748 --- [restartedMain] o.s.c.n.e.s.EurekaServiceRegistry        : Registering application CART-SERVICE with eureka with status UP
2024-05-27T10:25:32.208+05:30  INFO 24748 --- [restartedMain] com.netflix.discovery.DiscoveryClient    : Saw local status change event StatusChangeEvent [timestamp=1716785732208, current=UP, previous=STARTING]
2024-05-27T10:25:32.232+05:30  INFO 24748 --- [restartedMain] o.s.b.w.embedded.tomcat.TomcatWebServer  : Tomcat started on port(s): 8084 (http) with context path ''
2024-05-27T10:25:32.240+05:30  INFO 24748 --- [restartedMain] .s.c.n.e.s.EurekaAutoServiceRegistration : Updating port to 8084
2024-05-27T10:25:32.257+05:30  INFO 24748 --- [DiscoveryClient-InstanceInfoReplicator-0] com.netflix.discovery.DiscoveryClient    : DiscoveryClient_CART-SERVICE/LAPTOP-7FSTUUCC:CART-SERVICE:8084: registering service...
2024-05-27T10:25:32.323+05:30  INFO 24748 --- [DiscoveryClient-InstanceInfoReplicator-0] com.netflix.discovery.DiscoveryClient    : DiscoveryClient_CART-SERVICE/LAPTOP-7FSTUUCC:CART-SERVICE:8084 - registration status: 204
2024-05-27T10:25:32.597+05:30  INFO 24748 --- [restartedMain] com.cart.CartApplication                 : Started CartApplication in 6.57 seconds (process running for 352.998)
2024-05-27T10:30:31.990+05:30  INFO 24748 --- [AsyncResolver-bootstrap-executor-0] c.n.d.s.r.aws.ConfigClusterResolver      : Resolving eureka endpoints via configuration
2024-05-27T10:31:58.369+05:30  INFO 24748 --- [File Watcher] rtingClassPathChangeChangedEventListener : Restarting due to 1 class path change (0 additions, 1 deletion, 0 modifications)
2024-05-27T10:31:58.397+05:30  INFO 24748 --- [Thread-7] o.s.c.n.e.s.EurekaServiceRegistry        : Unregistering application CART-SERVICE with eureka with status DOWN
2024-05-27T10:31:58.401+05:30  INFO 24748 --- [Thread-7] com.netflix.discovery.DiscoveryClient    : Saw local status change event StatusChangeEvent [timestamp=1716786118401, current=DOWN, previous=UP]
2024-05-27T10:31:58.409+05:30  INFO 24748 --- [DiscoveryClient-InstanceInfoReplicator-0] com.netflix.discovery.DiscoveryClient    : DiscoveryClient_CART-SERVICE/LAPTOP-7FSTUUCC:CART-SERVICE:8084: registering service...
2024-05-27T10:31:58.455+05:30  INFO 24748 --- [DiscoveryClient-InstanceInfoReplicator-0] com.netflix.discovery.DiscoveryClient    : DiscoveryClient_CART-SERVICE/LAPTOP-7FSTUUCC:CART-SERVICE:8084 - registration status: 204
2024-05-27T10:31:58.521+05:30  INFO 24748 --- [Thread-7] o.apache.catalina.core.StandardService   : Stopping service [Tomcat]
2024-05-27T10:31:58.606+05:30  INFO 24748 --- [Thread-7] j.LocalContainerEntityManagerFactoryBean : Closing JPA EntityManagerFactory for persistence unit 'default'
2024-05-27T10:31:58.650+05:30  INFO 24748 --- [Thread-7] com.zaxxer.hikari.HikariDataSource       : HikariPool-2 - Shutdown initiated...
2024-05-27T10:31:58.720+05:30  INFO 24748 --- [Thread-7] com.zaxxer.hikari.HikariDataSource       : HikariPool-2 - Shutdown completed.
2024-05-27T10:31:58.723+05:30  INFO 24748 --- [Thread-7] com.netflix.discovery.DiscoveryClient    : Shutting down DiscoveryClient ...
2024-05-27T10:32:01.750+05:30  INFO 24748 --- [Thread-7] com.netflix.discovery.DiscoveryClient    : Unregistering ...
2024-05-27T10:32:01.765+05:30  INFO 24748 --- [Thread-7] com.netflix.discovery.DiscoveryClient    : DiscoveryClient_CART-SERVICE/LAPTOP-7FSTUUCC:CART-SERVICE:8084 - deregister  status: 200
2024-05-27T10:32:01.793+05:30  INFO 24748 --- [Thread-7] com.netflix.discovery.DiscoveryClient    : Completed shut down of DiscoveryClient
2024-05-27T10:32:02.494+05:30  INFO 24748 --- [restartedMain] com.cart.CartApplication                 : Starting CartApplication using Java 17.0.9 with PID 24748 (D:\Intellij Projects\Projects\Sweetys\Cart\target\classes started by bibek in D:\Intellij Projects\Projects\Sweetys\ServiceRegistry)
2024-05-27T10:32:02.495+05:30  INFO 24748 --- [restartedMain] com.cart.CartApplication                 : No active profile set, falling back to 1 default profile: "default"
2024-05-27T10:32:03.489+05:30  INFO 24748 --- [restartedMain] .s.d.r.c.RepositoryConfigurationDelegate : Bootstrapping Spring Data JPA repositories in DEFAULT mode.
2024-05-27T10:32:03.529+05:30  INFO 24748 --- [restartedMain] .s.d.r.c.RepositoryConfigurationDelegate : Finished Spring Data repository scanning in 38 ms. Found 2 JPA repository interfaces.
2024-05-27T10:32:03.801+05:30  INFO 24748 --- [restartedMain] o.s.cloud.context.scope.GenericScope     : BeanFactory id=a00854cb-1112-38bd-b418-a61fe894145f
2024-05-27T10:32:04.006+05:30  INFO 24748 --- [restartedMain] o.s.b.w.embedded.tomcat.TomcatWebServer  : Tomcat initialized with port(s): 8084 (http)
2024-05-27T10:32:04.008+05:30  INFO 24748 --- [restartedMain] o.apache.catalina.core.StandardService   : Starting service [Tomcat]
2024-05-27T10:32:04.009+05:30  INFO 24748 --- [restartedMain] o.apache.catalina.core.StandardEngine    : Starting Servlet engine: [Apache Tomcat/10.1.20]
2024-05-27T10:32:04.120+05:30  INFO 24748 --- [restartedMain] o.a.c.c.C.[Tomcat].[localhost].[/]       : Initializing Spring embedded WebApplicationContext
2024-05-27T10:32:04.121+05:30  INFO 24748 --- [restartedMain] w.s.c.ServletWebServerApplicationContext : Root WebApplicationContext: initialization completed in 1617 ms
2024-05-27T10:32:04.244+05:30  INFO 24748 --- [restartedMain] o.hibernate.jpa.internal.util.LogHelper  : HHH000204: Processing PersistenceUnitInfo [name: default]
2024-05-27T10:32:04.273+05:30  INFO 24748 --- [restartedMain] o.s.o.j.p.SpringPersistenceUnitInfo      : No LoadTimeWeaver setup: ignoring JPA class transformer
2024-05-27T10:32:04.276+05:30  INFO 24748 --- [restartedMain] com.zaxxer.hikari.HikariDataSource       : HikariPool-3 - Starting...
2024-05-27T10:32:04.318+05:30  INFO 24748 --- [restartedMain] com.zaxxer.hikari.pool.HikariPool        : HikariPool-3 - Added connection com.mysql.cj.jdbc.ConnectionImpl@7a94b346
2024-05-27T10:32:04.319+05:30  INFO 24748 --- [restartedMain] com.zaxxer.hikari.HikariDataSource       : HikariPool-3 - Start completed.
2024-05-27T10:32:04.609+05:30  INFO 24748 --- [restartedMain] o.h.e.t.j.p.i.JtaPlatformInitiator       : HHH000489: No JTA platform available (set 'hibernate.transaction.jta.platform' to enable JTA platform integration)
2024-05-27T10:32:04.706+05:30  INFO 24748 --- [restartedMain] j.LocalContainerEntityManagerFactoryBean : Initialized JPA EntityManagerFactory for persistence unit 'default'
2024-05-27T10:32:05.034+05:30  WARN 24748 --- [restartedMain] JpaBaseConfiguration$JpaWebConfiguration : spring.jpa.open-in-view is enabled by default. Therefore, database queries may be performed during view rendering. Explicitly configure spring.jpa.open-in-view to disable this warning
2024-05-27T10:32:05.350+05:30  WARN 24748 --- [restartedMain] o.s.b.d.a.OptionalLiveReloadServer       : Unable to start LiveReload server
2024-05-27T10:32:05.640+05:30  INFO 24748 --- [restartedMain] DiscoveryClientOptionalArgsConfiguration : Eureka HTTP Client uses RestTemplate.
2024-05-27T10:32:05.920+05:30  WARN 24748 --- [restartedMain] iguration$LoadBalancerCaffeineWarnLogger : Spring Cloud LoadBalancer is currently working with the default cache. While this cache implementation is useful for development and tests, it's recommended to use Caffeine cache in production.You can switch to using Caffeine cache, by adding it and org.springframework.cache.caffeine.CaffeineCacheManager to the classpath.
2024-05-27T10:32:05.945+05:30  INFO 24748 --- [restartedMain] o.s.c.n.eureka.InstanceInfoFactory       : Setting initial instance status as: STARTING
2024-05-27T10:32:05.956+05:30  INFO 24748 --- [restartedMain] com.netflix.discovery.DiscoveryClient    : Initializing Eureka in region us-east-1
2024-05-27T10:32:05.957+05:30  INFO 24748 --- [restartedMain] c.n.d.s.r.aws.ConfigClusterResolver      : Resolving eureka endpoints via configuration
2024-05-27T10:32:05.970+05:30  INFO 24748 --- [restartedMain] com.netflix.discovery.DiscoveryClient    : Disable delta property : false
2024-05-27T10:32:05.971+05:30  INFO 24748 --- [restartedMain] com.netflix.discovery.DiscoveryClient    : Single vip registry refresh property : null
2024-05-27T10:32:05.971+05:30  INFO 24748 --- [restartedMain] com.netflix.discovery.DiscoveryClient    : Force full registry fetch : false
2024-05-27T10:32:05.971+05:30  INFO 24748 --- [restartedMain] com.netflix.discovery.DiscoveryClient    : Application is null : false
2024-05-27T10:32:05.971+05:30  INFO 24748 --- [restartedMain] com.netflix.discovery.DiscoveryClient    : Registered Applications size is zero : true
2024-05-27T10:32:05.971+05:30  INFO 24748 --- [restartedMain] com.netflix.discovery.DiscoveryClient    : Application version is -1: true
2024-05-27T10:32:05.971+05:30  INFO 24748 --- [restartedMain] com.netflix.discovery.DiscoveryClient    : Getting all instance registry info from the eureka server
2024-05-27T10:32:06.042+05:30  INFO 24748 --- [restartedMain] com.netflix.discovery.DiscoveryClient    : The response status is 200
2024-05-27T10:32:06.045+05:30  INFO 24748 --- [restartedMain] com.netflix.discovery.DiscoveryClient    : Starting heartbeat executor: renew interval is: 30
2024-05-27T10:32:06.049+05:30  INFO 24748 --- [restartedMain] c.n.discovery.InstanceInfoReplicator     : InstanceInfoReplicator onDemand update allowed rate per min is 4
2024-05-27T10:32:06.055+05:30  INFO 24748 --- [restartedMain] com.netflix.discovery.DiscoveryClient    : Discovery Client initialized at timestamp 1716786126055 with initial instances count: 5
2024-05-27T10:32:06.061+05:30  INFO 24748 --- [restartedMain] o.s.c.n.e.s.EurekaServiceRegistry        : Registering application CART-SERVICE with eureka with status UP
2024-05-27T10:32:06.062+05:30  INFO 24748 --- [restartedMain] com.netflix.discovery.DiscoveryClient    : Saw local status change event StatusChangeEvent [timestamp=1716786126062, current=UP, previous=STARTING]
2024-05-27T10:32:06.063+05:30  INFO 24748 --- [DiscoveryClient-InstanceInfoReplicator-0] com.netflix.discovery.DiscoveryClient    : DiscoveryClient_CART-SERVICE/LAPTOP-7FSTUUCC:CART-SERVICE:8084: registering service...
2024-05-27T10:32:06.082+05:30  INFO 24748 --- [restartedMain] o.s.b.w.embedded.tomcat.TomcatWebServer  : Tomcat started on port(s): 8084 (http) with context path ''
2024-05-27T10:32:06.083+05:30  INFO 24748 --- [restartedMain] .s.c.n.e.s.EurekaAutoServiceRegistration : Updating port to 8084
2024-05-27T10:32:06.105+05:30  INFO 24748 --- [DiscoveryClient-InstanceInfoReplicator-0] com.netflix.discovery.DiscoveryClient    : DiscoveryClient_CART-SERVICE/LAPTOP-7FSTUUCC:CART-SERVICE:8084 - registration status: 204
2024-05-27T10:32:06.361+05:30  INFO 24748 --- [restartedMain] com.cart.CartApplication                 : Started CartApplication in 4.171 seconds (process running for 746.762)
2024-05-27T10:32:06.369+05:30  INFO 24748 --- [restartedMain] .ConditionEvaluationDeltaLoggingListener : Condition evaluation unchanged
2024-05-27T10:32:06.787+05:30  INFO 24748 --- [File Watcher] rtingClassPathChangeChangedEventListener : Restarting due to 1 class path change (1 addition, 0 deletions, 0 modifications)
2024-05-27T10:32:06.790+05:30  INFO 24748 --- [Thread-13] o.s.c.n.e.s.EurekaServiceRegistry        : Unregistering application CART-SERVICE with eureka with status DOWN
2024-05-27T10:32:06.791+05:30  INFO 24748 --- [Thread-13] com.netflix.discovery.DiscoveryClient    : Saw local status change event StatusChangeEvent [timestamp=1716786126791, current=DOWN, previous=UP]
2024-05-27T10:32:06.791+05:30  INFO 24748 --- [DiscoveryClient-InstanceInfoReplicator-0] com.netflix.discovery.DiscoveryClient    : DiscoveryClient_CART-SERVICE/LAPTOP-7FSTUUCC:CART-SERVICE:8084: registering service...
2024-05-27T10:32:06.806+05:30  INFO 24748 --- [DiscoveryClient-InstanceInfoReplicator-0] com.netflix.discovery.DiscoveryClient    : DiscoveryClient_CART-SERVICE/LAPTOP-7FSTUUCC:CART-SERVICE:8084 - registration status: 204
2024-05-27T10:32:06.820+05:30  INFO 24748 --- [Thread-13] o.apache.catalina.core.StandardService   : Stopping service [Tomcat]
2024-05-27T10:32:06.835+05:30  INFO 24748 --- [Thread-13] j.LocalContainerEntityManagerFactoryBean : Closing JPA EntityManagerFactory for persistence unit 'default'
2024-05-27T10:32:06.838+05:30  INFO 24748 --- [Thread-13] com.zaxxer.hikari.HikariDataSource       : HikariPool-3 - Shutdown initiated...
2024-05-27T10:32:06.862+05:30  INFO 24748 --- [Thread-13] com.zaxxer.hikari.HikariDataSource       : HikariPool-3 - Shutdown completed.
2024-05-27T10:32:06.863+05:30  INFO 24748 --- [Thread-13] com.netflix.discovery.DiscoveryClient    : Shutting down DiscoveryClient ...
2024-05-27T10:32:09.877+05:30  INFO 24748 --- [Thread-13] com.netflix.discovery.DiscoveryClient    : Unregistering ...
2024-05-27T10:32:09.897+05:30  INFO 24748 --- [Thread-13] com.netflix.discovery.DiscoveryClient    : DiscoveryClient_CART-SERVICE/LAPTOP-7FSTUUCC:CART-SERVICE:8084 - deregister  status: 200
2024-05-27T10:32:09.907+05:30  INFO 24748 --- [Thread-13] com.netflix.discovery.DiscoveryClient    : Completed shut down of DiscoveryClient
2024-05-27T10:32:10.249+05:30  INFO 24748 --- [restartedMain] com.cart.CartApplication                 : Starting CartApplication using Java 17.0.9 with PID 24748 (D:\Intellij Projects\Projects\Sweetys\Cart\target\classes started by bibek in D:\Intellij Projects\Projects\Sweetys\ServiceRegistry)
2024-05-27T10:32:10.250+05:30  INFO 24748 --- [restartedMain] com.cart.CartApplication                 : No active profile set, falling back to 1 default profile: "default"
2024-05-27T10:32:10.824+05:30  INFO 24748 --- [restartedMain] .s.d.r.c.RepositoryConfigurationDelegate : Bootstrapping Spring Data JPA repositories in DEFAULT mode.
2024-05-27T10:32:10.850+05:30  INFO 24748 --- [restartedMain] .s.d.r.c.RepositoryConfigurationDelegate : Finished Spring Data repository scanning in 25 ms. Found 2 JPA repository interfaces.
2024-05-27T10:32:11.058+05:30  INFO 24748 --- [restartedMain] o.s.cloud.context.scope.GenericScope     : BeanFactory id=a00854cb-1112-38bd-b418-a61fe894145f
2024-05-27T10:32:11.195+05:30  INFO 24748 --- [restartedMain] o.s.b.w.embedded.tomcat.TomcatWebServer  : Tomcat initialized with port(s): 8084 (http)
2024-05-27T10:32:11.196+05:30  INFO 24748 --- [restartedMain] o.apache.catalina.core.StandardService   : Starting service [Tomcat]
2024-05-27T10:32:11.197+05:30  INFO 24748 --- [restartedMain] o.apache.catalina.core.StandardEngine    : Starting Servlet engine: [Apache Tomcat/10.1.20]
2024-05-27T10:32:11.312+05:30  INFO 24748 --- [restartedMain] o.a.c.c.C.[Tomcat].[localhost].[/]       : Initializing Spring embedded WebApplicationContext
2024-05-27T10:32:11.312+05:30  INFO 24748 --- [restartedMain] w.s.c.ServletWebServerApplicationContext : Root WebApplicationContext: initialization completed in 1056 ms
2024-05-27T10:32:11.393+05:30  INFO 24748 --- [restartedMain] o.hibernate.jpa.internal.util.LogHelper  : HHH000204: Processing PersistenceUnitInfo [name: default]
2024-05-27T10:32:11.406+05:30  INFO 24748 --- [restartedMain] o.s.o.j.p.SpringPersistenceUnitInfo      : No LoadTimeWeaver setup: ignoring JPA class transformer
2024-05-27T10:32:11.408+05:30  INFO 24748 --- [restartedMain] com.zaxxer.hikari.HikariDataSource       : HikariPool-4 - Starting...
2024-05-27T10:32:11.431+05:30  INFO 24748 --- [restartedMain] com.zaxxer.hikari.pool.HikariPool        : HikariPool-4 - Added connection com.mysql.cj.jdbc.ConnectionImpl@78ad1bca
2024-05-27T10:32:11.432+05:30  INFO 24748 --- [restartedMain] com.zaxxer.hikari.HikariDataSource       : HikariPool-4 - Start completed.
2024-05-27T10:32:11.682+05:30  INFO 24748 --- [restartedMain] o.h.e.t.j.p.i.JtaPlatformInitiator       : HHH000489: No JTA platform available (set 'hibernate.transaction.jta.platform' to enable JTA platform integration)
2024-05-27T10:32:11.799+05:30  INFO 24748 --- [restartedMain] j.LocalContainerEntityManagerFactoryBean : Initialized JPA EntityManagerFactory for persistence unit 'default'
2024-05-27T10:32:12.128+05:30  WARN 24748 --- [restartedMain] JpaBaseConfiguration$JpaWebConfiguration : spring.jpa.open-in-view is enabled by default. Therefore, database queries may be performed during view rendering. Explicitly configure spring.jpa.open-in-view to disable this warning
2024-05-27T10:32:13.177+05:30  WARN 24748 --- [restartedMain] o.s.b.d.a.OptionalLiveReloadServer       : Unable to start LiveReload server
2024-05-27T10:32:13.919+05:30  INFO 24748 --- [restartedMain] DiscoveryClientOptionalArgsConfiguration : Eureka HTTP Client uses RestTemplate.
2024-05-27T10:32:14.307+05:30  WARN 24748 --- [restartedMain] iguration$LoadBalancerCaffeineWarnLogger : Spring Cloud LoadBalancer is currently working with the default cache. While this cache implementation is useful for development and tests, it's recommended to use Caffeine cache in production.You can switch to using Caffeine cache, by adding it and org.springframework.cache.caffeine.CaffeineCacheManager to the classpath.
2024-05-27T10:32:14.326+05:30  INFO 24748 --- [restartedMain] o.s.c.n.eureka.InstanceInfoFactory       : Setting initial instance status as: STARTING
2024-05-27T10:32:14.332+05:30  INFO 24748 --- [restartedMain] com.netflix.discovery.DiscoveryClient    : Initializing Eureka in region us-east-1
2024-05-27T10:32:14.333+05:30  INFO 24748 --- [restartedMain] c.n.d.s.r.aws.ConfigClusterResolver      : Resolving eureka endpoints via configuration
2024-05-27T10:32:14.335+05:30  INFO 24748 --- [restartedMain] com.netflix.discovery.DiscoveryClient    : Disable delta property : false
2024-05-27T10:32:14.336+05:30  INFO 24748 --- [restartedMain] com.netflix.discovery.DiscoveryClient    : Single vip registry refresh property : null
2024-05-27T10:32:14.336+05:30  INFO 24748 --- [restartedMain] com.netflix.discovery.DiscoveryClient    : Force full registry fetch : false
2024-05-27T10:32:14.336+05:30  INFO 24748 --- [restartedMain] com.netflix.discovery.DiscoveryClient    : Application is null : false
2024-05-27T10:32:14.336+05:30  INFO 24748 --- [restartedMain] com.netflix.discovery.DiscoveryClient    : Registered Applications size is zero : true
2024-05-27T10:32:14.336+05:30  INFO 24748 --- [restartedMain] com.netflix.discovery.DiscoveryClient    : Application version is -1: true
2024-05-27T10:32:14.336+05:30  INFO 24748 --- [restartedMain] com.netflix.discovery.DiscoveryClient    : Getting all instance registry info from the eureka server
2024-05-27T10:32:14.398+05:30  INFO 24748 --- [restartedMain] com.netflix.discovery.DiscoveryClient    : The response status is 200
2024-05-27T10:32:14.401+05:30  INFO 24748 --- [restartedMain] com.netflix.discovery.DiscoveryClient    : Starting heartbeat executor: renew interval is: 30
2024-05-27T10:32:14.404+05:30  INFO 24748 --- [restartedMain] c.n.discovery.InstanceInfoReplicator     : InstanceInfoReplicator onDemand update allowed rate per min is 4
2024-05-27T10:32:14.407+05:30  INFO 24748 --- [restartedMain] com.netflix.discovery.DiscoveryClient    : Discovery Client initialized at timestamp 1716786134407 with initial instances count: 5
2024-05-27T10:32:14.410+05:30  INFO 24748 --- [restartedMain] o.s.c.n.e.s.EurekaServiceRegistry        : Registering application CART-SERVICE with eureka with status UP
2024-05-27T10:32:14.411+05:30  INFO 24748 --- [restartedMain] com.netflix.discovery.DiscoveryClient    : Saw local status change event StatusChangeEvent [timestamp=1716786134411, current=UP, previous=STARTING]
2024-05-27T10:32:14.412+05:30  INFO 24748 --- [DiscoveryClient-InstanceInfoReplicator-0] com.netflix.discovery.DiscoveryClient    : DiscoveryClient_CART-SERVICE/LAPTOP-7FSTUUCC:CART-SERVICE:8084: registering service...
2024-05-27T10:32:14.453+05:30  INFO 24748 --- [restartedMain] o.s.b.w.embedded.tomcat.TomcatWebServer  : Tomcat started on port(s): 8084 (http) with context path ''
2024-05-27T10:32:14.455+05:30  INFO 24748 --- [restartedMain] .s.c.n.e.s.EurekaAutoServiceRegistration : Updating port to 8084
2024-05-27T10:32:14.484+05:30  INFO 24748 --- [DiscoveryClient-InstanceInfoReplicator-0] com.netflix.discovery.DiscoveryClient    : DiscoveryClient_CART-SERVICE/LAPTOP-7FSTUUCC:CART-SERVICE:8084 - registration status: 204
2024-05-27T10:32:14.810+05:30  INFO 24748 --- [restartedMain] com.cart.CartApplication                 : Started CartApplication in 4.79 seconds (process running for 755.211)
2024-05-27T10:32:14.814+05:30  INFO 24748 --- [restartedMain] .ConditionEvaluationDeltaLoggingListener : Condition evaluation unchanged
2024-05-27T10:34:54.060+05:30  INFO 24748 --- [File Watcher] rtingClassPathChangeChangedEventListener : Restarting due to 1 class path change (0 additions, 1 deletion, 0 modifications)
2024-05-27T10:34:54.066+05:30  INFO 24748 --- [Thread-19] o.s.c.n.e.s.EurekaServiceRegistry        : Unregistering application CART-SERVICE with eureka with status DOWN
2024-05-27T10:34:54.067+05:30  INFO 24748 --- [Thread-19] com.netflix.discovery.DiscoveryClient    : Saw local status change event StatusChangeEvent [timestamp=1716786294067, current=DOWN, previous=UP]
2024-05-27T10:34:54.069+05:30  INFO 24748 --- [DiscoveryClient-InstanceInfoReplicator-0] com.netflix.discovery.DiscoveryClient    : DiscoveryClient_CART-SERVICE/LAPTOP-7FSTUUCC:CART-SERVICE:8084: registering service...
2024-05-27T10:34:54.135+05:30  INFO 24748 --- [DiscoveryClient-InstanceInfoReplicator-0] com.netflix.discovery.DiscoveryClient    : DiscoveryClient_CART-SERVICE/LAPTOP-7FSTUUCC:CART-SERVICE:8084 - registration status: 204
2024-05-27T10:34:54.141+05:30  INFO 24748 --- [Thread-19] o.apache.catalina.core.StandardService   : Stopping service [Tomcat]
2024-05-27T10:34:54.210+05:30  INFO 24748 --- [Thread-19] j.LocalContainerEntityManagerFactoryBean : Closing JPA EntityManagerFactory for persistence unit 'default'
2024-05-27T10:34:54.212+05:30  INFO 24748 --- [Thread-19] com.zaxxer.hikari.HikariDataSource       : HikariPool-4 - Shutdown initiated...
2024-05-27T10:34:54.257+05:30  INFO 24748 --- [Thread-19] com.zaxxer.hikari.HikariDataSource       : HikariPool-4 - Shutdown completed.
2024-05-27T10:34:54.258+05:30  INFO 24748 --- [Thread-19] com.netflix.discovery.DiscoveryClient    : Shutting down DiscoveryClient ...
2024-05-27T10:34:57.274+05:30  INFO 24748 --- [Thread-19] com.netflix.discovery.DiscoveryClient    : Unregistering ...
2024-05-27T10:34:57.292+05:30  INFO 24748 --- [Thread-19] com.netflix.discovery.DiscoveryClient    : DiscoveryClient_CART-SERVICE/LAPTOP-7FSTUUCC:CART-SERVICE:8084 - deregister  status: 200
2024-05-27T10:34:57.300+05:30  INFO 24748 --- [Thread-19] com.netflix.discovery.DiscoveryClient    : Completed shut down of DiscoveryClient
2024-05-27T10:34:57.737+05:30  INFO 24748 --- [restartedMain] com.cart.CartApplication                 : Starting CartApplication using Java 17.0.9 with PID 24748 (D:\Intellij Projects\Projects\Sweetys\Cart\target\classes started by bibek in D:\Intellij Projects\Projects\Sweetys\ServiceRegistry)
2024-05-27T10:34:57.738+05:30  INFO 24748 --- [restartedMain] com.cart.CartApplication                 : No active profile set, falling back to 1 default profile: "default"
2024-05-27T10:34:58.935+05:30  INFO 24748 --- [restartedMain] .s.d.r.c.RepositoryConfigurationDelegate : Bootstrapping Spring Data JPA repositories in DEFAULT mode.
2024-05-27T10:34:58.985+05:30  INFO 24748 --- [restartedMain] .s.d.r.c.RepositoryConfigurationDelegate : Finished Spring Data repository scanning in 48 ms. Found 2 JPA repository interfaces.
2024-05-27T10:34:59.315+05:30  INFO 24748 --- [restartedMain] o.s.cloud.context.scope.GenericScope     : BeanFactory id=a00854cb-1112-38bd-b418-a61fe894145f
2024-05-27T10:34:59.554+05:30  INFO 24748 --- [restartedMain] o.s.b.w.embedded.tomcat.TomcatWebServer  : Tomcat initialized with port(s): 8084 (http)
2024-05-27T10:34:59.556+05:30  INFO 24748 --- [restartedMain] o.apache.catalina.core.StandardService   : Starting service [Tomcat]
2024-05-27T10:34:59.556+05:30  INFO 24748 --- [restartedMain] o.apache.catalina.core.StandardEngine    : Starting Servlet engine: [Apache Tomcat/10.1.20]
2024-05-27T10:34:59.690+05:30  INFO 24748 --- [restartedMain] o.a.c.c.C.[Tomcat].[localhost].[/]       : Initializing Spring embedded WebApplicationContext
2024-05-27T10:34:59.691+05:30  INFO 24748 --- [restartedMain] w.s.c.ServletWebServerApplicationContext : Root WebApplicationContext: initialization completed in 1946 ms
2024-05-27T10:34:59.862+05:30  INFO 24748 --- [restartedMain] o.hibernate.jpa.internal.util.LogHelper  : HHH000204: Processing PersistenceUnitInfo [name: default]
2024-05-27T10:34:59.890+05:30  INFO 24748 --- [restartedMain] o.s.o.j.p.SpringPersistenceUnitInfo      : No LoadTimeWeaver setup: ignoring JPA class transformer
2024-05-27T10:34:59.893+05:30  INFO 24748 --- [restartedMain] com.zaxxer.hikari.HikariDataSource       : HikariPool-5 - Starting...
2024-05-27T10:34:59.940+05:30  INFO 24748 --- [restartedMain] com.zaxxer.hikari.pool.HikariPool        : HikariPool-5 - Added connection com.mysql.cj.jdbc.ConnectionImpl@3b5a8a4d
2024-05-27T10:34:59.941+05:30  INFO 24748 --- [restartedMain] com.zaxxer.hikari.HikariDataSource       : HikariPool-5 - Start completed.
2024-05-27T10:35:00.159+05:30  INFO 24748 --- [restartedMain] o.h.e.t.j.p.i.JtaPlatformInitiator       : HHH000489: No JTA platform available (set 'hibernate.transaction.jta.platform' to enable JTA platform integration)
2024-05-27T10:35:00.643+05:30  INFO 24748 --- [restartedMain] j.LocalContainerEntityManagerFactoryBean : Initialized JPA EntityManagerFactory for persistence unit 'default'
2024-05-27T10:35:00.960+05:30  WARN 24748 --- [restartedMain] JpaBaseConfiguration$JpaWebConfiguration : spring.jpa.open-in-view is enabled by default. Therefore, database queries may be performed during view rendering. Explicitly configure spring.jpa.open-in-view to disable this warning
2024-05-27T10:35:01.334+05:30  WARN 24748 --- [restartedMain] o.s.b.d.a.OptionalLiveReloadServer       : Unable to start LiveReload server
2024-05-27T10:35:01.843+05:30  INFO 24748 --- [restartedMain] DiscoveryClientOptionalArgsConfiguration : Eureka HTTP Client uses RestTemplate.
2024-05-27T10:35:02.331+05:30  WARN 24748 --- [restartedMain] iguration$LoadBalancerCaffeineWarnLogger : Spring Cloud LoadBalancer is currently working with the default cache. While this cache implementation is useful for development and tests, it's recommended to use Caffeine cache in production.You can switch to using Caffeine cache, by adding it and org.springframework.cache.caffeine.CaffeineCacheManager to the classpath.
2024-05-27T10:35:02.357+05:30  INFO 24748 --- [restartedMain] o.s.c.n.eureka.InstanceInfoFactory       : Setting initial instance status as: STARTING
2024-05-27T10:35:02.367+05:30  INFO 24748 --- [restartedMain] com.netflix.discovery.DiscoveryClient    : Initializing Eureka in region us-east-1
2024-05-27T10:35:02.368+05:30  INFO 24748 --- [restartedMain] c.n.d.s.r.aws.ConfigClusterResolver      : Resolving eureka endpoints via configuration
2024-05-27T10:35:02.371+05:30  INFO 24748 --- [restartedMain] com.netflix.discovery.DiscoveryClient    : Disable delta property : false
2024-05-27T10:35:02.371+05:30  INFO 24748 --- [restartedMain] com.netflix.discovery.DiscoveryClient    : Single vip registry refresh property : null
2024-05-27T10:35:02.372+05:30  INFO 24748 --- [restartedMain] com.netflix.discovery.DiscoveryClient    : Force full registry fetch : false
2024-05-27T10:35:02.372+05:30  INFO 24748 --- [restartedMain] com.netflix.discovery.DiscoveryClient    : Application is null : false
2024-05-27T10:35:02.372+05:30  INFO 24748 --- [restartedMain] com.netflix.discovery.DiscoveryClient    : Registered Applications size is zero : true
2024-05-27T10:35:02.372+05:30  INFO 24748 --- [restartedMain] com.netflix.discovery.DiscoveryClient    : Application version is -1: true
2024-05-27T10:35:02.372+05:30  INFO 24748 --- [restartedMain] com.netflix.discovery.DiscoveryClient    : Getting all instance registry info from the eureka server
2024-05-27T10:35:02.439+05:30  INFO 24748 --- [restartedMain] com.netflix.discovery.DiscoveryClient    : The response status is 200
2024-05-27T10:35:02.449+05:30  INFO 24748 --- [restartedMain] com.netflix.discovery.DiscoveryClient    : Starting heartbeat executor: renew interval is: 30
2024-05-27T10:35:02.453+05:30  INFO 24748 --- [restartedMain] c.n.discovery.InstanceInfoReplicator     : InstanceInfoReplicator onDemand update allowed rate per min is 4
2024-05-27T10:35:02.456+05:30  INFO 24748 --- [restartedMain] com.netflix.discovery.DiscoveryClient    : Discovery Client initialized at timestamp 1716786302456 with initial instances count: 3
2024-05-27T10:35:02.459+05:30  INFO 24748 --- [restartedMain] o.s.c.n.e.s.EurekaServiceRegistry        : Registering application CART-SERVICE with eureka with status UP
2024-05-27T10:35:02.460+05:30  INFO 24748 --- [restartedMain] com.netflix.discovery.DiscoveryClient    : Saw local status change event StatusChangeEvent [timestamp=1716786302460, current=UP, previous=STARTING]
2024-05-27T10:35:02.490+05:30  INFO 24748 --- [restartedMain] o.s.b.w.embedded.tomcat.TomcatWebServer  : Tomcat started on port(s): 8084 (http) with context path ''
2024-05-27T10:35:02.492+05:30  INFO 24748 --- [restartedMain] .s.c.n.e.s.EurekaAutoServiceRegistration : Updating port to 8084
2024-05-27T10:35:02.494+05:30  INFO 24748 --- [DiscoveryClient-InstanceInfoReplicator-0] com.netflix.discovery.DiscoveryClient    : DiscoveryClient_CART-SERVICE/LAPTOP-7FSTUUCC:CART-SERVICE:8084: registering service...
2024-05-27T10:35:02.634+05:30  INFO 24748 --- [DiscoveryClient-InstanceInfoReplicator-0] com.netflix.discovery.DiscoveryClient    : DiscoveryClient_CART-SERVICE/LAPTOP-7FSTUUCC:CART-SERVICE:8084 - registration status: 204
2024-05-27T10:35:02.780+05:30  INFO 24748 --- [restartedMain] com.cart.CartApplication                 : Started CartApplication in 5.338 seconds (process running for 923.181)
2024-05-27T10:35:02.785+05:30  INFO 24748 --- [restartedMain] .ConditionEvaluationDeltaLoggingListener : Condition evaluation unchanged
2024-05-27T10:35:03.795+05:30  INFO 24748 --- [File Watcher] rtingClassPathChangeChangedEventListener : Restarting due to 1 class path change (1 addition, 0 deletions, 0 modifications)
2024-05-27T10:35:03.798+05:30  INFO 24748 --- [Thread-25] o.s.c.n.e.s.EurekaServiceRegistry        : Unregistering application CART-SERVICE with eureka with status DOWN
2024-05-27T10:35:03.798+05:30  INFO 24748 --- [Thread-25] com.netflix.discovery.DiscoveryClient    : Saw local status change event StatusChangeEvent [timestamp=1716786303798, current=DOWN, previous=UP]
2024-05-27T10:35:03.799+05:30  INFO 24748 --- [DiscoveryClient-InstanceInfoReplicator-0] com.netflix.discovery.DiscoveryClient    : DiscoveryClient_CART-SERVICE/LAPTOP-7FSTUUCC:CART-SERVICE:8084: registering service...
2024-05-27T10:35:03.810+05:30  INFO 24748 --- [DiscoveryClient-InstanceInfoReplicator-0] com.netflix.discovery.DiscoveryClient    : DiscoveryClient_CART-SERVICE/LAPTOP-7FSTUUCC:CART-SERVICE:8084 - registration status: 204
2024-05-27T10:35:03.833+05:30  INFO 24748 --- [Thread-25] o.apache.catalina.core.StandardService   : Stopping service [Tomcat]
2024-05-27T10:35:03.846+05:30  INFO 24748 --- [Thread-25] j.LocalContainerEntityManagerFactoryBean : Closing JPA EntityManagerFactory for persistence unit 'default'
2024-05-27T10:35:03.847+05:30  INFO 24748 --- [Thread-25] com.zaxxer.hikari.HikariDataSource       : HikariPool-5 - Shutdown initiated...
2024-05-27T10:35:03.881+05:30  INFO 24748 --- [Thread-25] com.zaxxer.hikari.HikariDataSource       : HikariPool-5 - Shutdown completed.
2024-05-27T10:35:03.882+05:30  INFO 24748 --- [Thread-25] com.netflix.discovery.DiscoveryClient    : Shutting down DiscoveryClient ...
2024-05-27T10:35:06.890+05:30  INFO 24748 --- [Thread-25] com.netflix.discovery.DiscoveryClient    : Unregistering ...
2024-05-27T10:35:06.911+05:30  INFO 24748 --- [Thread-25] com.netflix.discovery.DiscoveryClient    : DiscoveryClient_CART-SERVICE/LAPTOP-7FSTUUCC:CART-SERVICE:8084 - deregister  status: 200
2024-05-27T10:35:06.917+05:30  INFO 24748 --- [Thread-25] com.netflix.discovery.DiscoveryClient    : Completed shut down of DiscoveryClient
